{"ts": 1776975234.959068, "decision": "allow", "tool": "open_app", "action": null, "mode": "balanced"}
{"ts": 1776975236.4734712, "decision": "deny", "tool": "computer_control", "action": "hotkey", "reason": "sensitive (computer_control:hotkey) no-ask-fn"}
{"ts": 1776975336.394587, "decision": "allow", "tool": "open_app", "action": null, "mode": "balanced"}
{"ts": 1776975337.901905, "decision": "deny", "tool": "computer_control", "action": "hotkey", "reason": "sensitive (computer_control:hotkey) no-ask-fn"}
{"ts": 1776975380.1117299, "decision": "allow", "tool": "open_app", "action": null, "mode": "balanced"}
{"ts": 1776975385.0560257, "decision": "deny", "tool": "computer_control", "action": "hotkey", "reason": "sensitive (computer_control:hotkey) no-ask-fn"}
{"ts": 1776975437.9602587, "decision": "deny", "tool": "computer_settings", "action": "close_application", "reason": "sensitive (computer_settings:close_application) no-ask-fn"}
{"ts": 1777031031.0700142, "decision": "allow", "tool": "dev_agent", "action": null, "mode": "balanced"}
{"ts": 1777031864.7660637, "decision": "allow", "tool": "dev_agent", "action": null, "mode": "balanced"}
{"ts": 1777067255.3582947, "decision": "allow", "tool": "dev_agent", "action": null, "mode": "balanced"}
{"ts": 1777622441.7371495, "decision": "allow", "tool": "tell_user", "action": null, "mode": "paranoid", "level": "speech"}
{"ts": 1777622441.7588725, "decision": "allow", "tool": "tell_user", "action": null, "mode": "balanced", "level": "speech"}
{"ts": 1777622441.7668731, "decision": "allow", "tool": "weather_report", "action": null, "mode": "balanced", "level": "action"}
{"ts": 1777622508.6425712, "decision": "allow", "tool": "tell_user", "action": null, "mode": "paranoid", "level": "speech"}
{"ts": 1777622508.6455746, "decision": "allow", "tool": "tell_user", "action": null, "mode": "balanced", "level": "speech"}
{"ts": 1777622508.6515696, "decision": "allow", "tool": "weather_report", "action": null, "mode": "balanced", "level": "action"}
{"ts": 1777631368.9788718, "decision": "allow", "tool": "tell_user", "action": null, "mode": "paranoid", "level": "speech"}
{"ts": 1777631368.982293, "decision": "allow", "tool": "tell_user", "action": null, "mode": "balanced", "level": "speech"}
{"ts": 1777631368.9878657, "decision": "allow", "tool": "weather_report", "action": null, "mode": "balanced", "level": "action"}
{"ts": 1777643664.269217, "decision": "allow", "tool": "tell_user", "action": null, "mode": "paranoid", "level": "speech"}
{"ts": 1777643664.274464, "decision": "allow", "tool": "tell_user", "action": null, "mode": "balanced", "level": "speech"}
{"ts": 1777643664.2828603, "decision": "allow", "tool": "weather_report", "action": null, "mode": "balanced", "level": "action"}
{"ts": 1777643706.056961, "decision": "allow", "tool": "tell_user", "action": null, "mode": "paranoid", "level": "speech"}
{"ts": 1777643706.061057, "decision": "allow", "tool": "tell_user", "action": null, "mode": "balanced", "level": "speech"}
{"ts": 1777643706.0687017, "decision": "allow", "tool": "weather_report", "action": null, "mode": "balanced", "level": "action"}
{"ts": 1778051601.0635204, "decision": "allow", "tool": "tell_user", "action": null, "mode": "paranoid", "level": "speech"}
{"ts": 1778051601.0672054, "decision": "deny", "tool": "tell_user", "action": null, "mode": "balanced", "level": "action", "reason": "denylisted"}
{"ts": 1778051633.6143413, "decision": "allow", "tool": "tell_user", "action": null, "mode": "paranoid", "level": "speech"}
{"ts": 1778051633.6176655, "decision": "deny", "tool": "tell_user", "action": null, "mode": "balanced", "level": "action", "reason": "denylisted"}
{"ts": 1778051633.6216748, "decision": "deny", "tool": "dangerous_tool", "action": null, "mode": "balanced", "level": "action", "reason": "denylisted"}
{"ts": 1778051633.6246796, "decision": "allow", "tool": "weather_report", "action": null, "mode": "balanced", "level": "action"}
{"ts": 1778051781.5486076, "decision": "allow", "tool": "tell_user", "action": null, "mode": "paranoid", "level": "speech"}
{"ts": 1778051781.5516098, "decision": "deny", "tool": "tell_user", "action": null, "mode": "balanced", "level": "action", "reason": "denylisted"}
{"ts": 1778051781.5566053, "decision": "deny", "tool": "dangerous_tool", "action": null, "mode": "balanced", "level": "action", "reason": "denylisted"}
{"ts": 1778051781.5596097, "decision": "allow", "tool": "weather_report", "action": null, "mode": "balanced", "level": "action"}
{"ts": 1778051871.750773, "decision": "allow", "tool": "tell_user", "action": null, "mode": "paranoid", "level": "speech"}
{"ts": 1778051871.7537484, "decision": "deny", "tool": "tell_user", "action": null, "mode": "balanced", "level": "action", "reason": "denylisted"}
{"ts": 1778051871.758753, "decision": "deny", "tool": "dangerous_tool", "action": null, "mode": "balanced", "level": "action", "reason": "denylisted"}
{"ts": 1778051871.7617528, "decision": "allow", "tool": "weather_report", "action": null, "mode": "balanced", "level": "action"}
{"ts": 1778052886.960912, "decision": "allow", "tool": "tell_user", "action": null, "mode": "paranoid", "level": "speech"}
{"ts": 1778052886.9649124, "decision": "deny", "tool": "tell_user", "action": null, "mode": "balanced", "level": "action", "reason": "denylisted"}
{"ts": 1778052886.9709105, "decision": "deny", "tool": "dangerous_tool", "action": null, "mode": "balanced", "level": "action", "reason": "denylisted"}
{"ts": 1778052886.974911, "decision": "allow", "tool": "weather_report", "action": null, "mode": "balanced", "level": "action"}
{"ts": 1778136584.797014, "decision": "allow", "tool": "tell_user", "action": null, "mode": "paranoid", "level": "speech"}
{"ts": 1778136584.80202, "decision": "deny", "tool": "tell_user", "action": null, "mode": "balanced", "level": "action", "reason": "denylisted"}
{"ts": 1778136584.8229861, "decision": "deny", "tool": "dangerous_tool", "action": null, "mode": "balanced", "level": "action", "reason": "denylisted"}
{"ts": 1778136584.828985, "decision": "allow", "tool": "weather_report", "action": null, "mode": "balanced", "level": "action"}
{"ts": 1778137032.1778975, "decision": "allow", "tool": "tell_user", "action": null, "mode": "paranoid", "level": "speech"}
{"ts": 1778137032.1808956, "decision": "deny", "tool": "tell_user", "action": null, "mode": "balanced", "level": "action", "reason": "denylisted"}
{"ts": 1778137032.1855555, "decision": "deny", "tool": "dangerous_tool", "action": null, "mode": "balanced", "level": "action", "reason": "denylisted"}
{"ts": 1778137032.1885755, "decision": "allow", "tool": "weather_report", "action": null, "mode": "balanced", "level": "action"}
{"ts": 1778137628.245283, "decision": "allow", "tool": "tell_user", "action": null, "mode": "paranoid", "level": "speech"}
{"ts": 1778137628.2484686, "decision": "deny", "tool": "tell_user", "action": null, "mode": "balanced", "level": "action", "reason": "denylisted"}
{"ts": 1778137628.2534692, "decision": "deny", "tool": "dangerous_tool", "action": null, "mode": "balanced", "level": "action", "reason": "denylisted"}
{"ts": 1778137628.256469, "decision": "allow", "tool": "weather_report", "action": null, "mode": "balanced", "level": "action"}
{"ts": 1778138846.6847665, "decision": "allow", "tool": "tell_user", "action": null, "mode": "paranoid", "level": "speech"}
{"ts": 1778138846.6877658, "decision": "deny", "tool": "tell_user", "action": null, "mode": "balanced", "level": "action", "reason": "denylisted"}
{"ts": 1778138846.6927657, "decision": "deny", "tool": "dangerous_tool", "action": null, "mode": "balanced", "level": "action", "reason": "denylisted"}
{"ts": 1778138846.6954532, "decision": "allow", "tool": "weather_report", "action": null, "mode": "balanced", "level": "action"}
{"ts": 1778139698.09727, "decision": "allow", "tool": "tell_user", "action": null, "mode": "paranoid", "level": "speech"}
{"ts": 1778139698.100262, "decision": "deny", "tool": "tell_user", "action": null, "mode": "balanced", "level": "action", "reason": "denylisted"}
{"ts": 1778139698.1052897, "decision": "deny", "tool": "dangerous_tool", "action": null, "mode": "balanced", "level": "action", "reason": "denylisted"}
{"ts": 1778139698.108276, "decision": "allow", "tool": "weather_report", "action": null, "mode": "balanced", "level": "action"}
{"ts": 1778140174.5502408, "decision": "allow", "tool": "tell_user", "action": null, "mode": "paranoid", "level": "speech"}
{"ts": 1778140174.553262, "decision": "deny", "tool": "tell_user", "action": null, "mode": "balanced", "level": "action", "reason": "denylisted"}
{"ts": 1778140174.5582364, "decision": "deny", "tool": "dangerous_tool", "action": null, "mode": "balanced", "level": "action", "reason": "denylisted"}
{"ts": 1778140174.561237, "decision": "allow", "tool": "weather_report", "action": null, "mode": "balanced", "level": "action"}
{"ts": 1778140501.1302364, "decision": "allow", "tool": "tell_user", "action": null, "mode": "paranoid", "level": "speech"}
{"ts": 1778140501.134798, "decision": "deny", "tool": "tell_user", "action": null, "mode": "balanced", "level": "action", "reason": "denylisted"}
{"ts": 1778140501.1397977, "decision": "deny", "tool": "dangerous_tool", "action": null, "mode": "balanced", "level": "action", "reason": "denylisted"}
{"ts": 1778140501.143797, "decision": "allow", "tool": "weather_report", "action": null, "mode": "balanced", "level": "action"}
{"ts": 1778140717.3564487, "decision": "allow", "tool": "tell_user", "action": null, "mode": "paranoid", "level": "speech"}
{"ts": 1778140717.3600416, "decision": "deny", "tool": "tell_user", "action": null, "mode": "balanced", "level": "action", "reason": "denylisted"}
{"ts": 1778140717.3650382, "decision": "deny", "tool": "dangerous_tool", "action": null, "mode": "balanced", "level": "action", "reason": "denylisted"}
{"ts": 1778140717.368062, "decision": "allow", "tool": "weather_report", "action": null, "mode": "balanced", "level": "action"}
{"ts": 1778141845.4354835, "decision": "allow", "tool": "tell_user", "action": null, "mode": "paranoid", "level": "speech"}
{"ts": 1778141845.439006, "decision": "deny", "tool": "tell_user", "action": null, "mode": "balanced", "level": "action", "reason": "denylisted"}
{"ts": 1778141845.4445243, "decision": "deny", "tool": "dangerous_tool", "action": null, "mode": "balanced", "level": "action", "reason": "denylisted"}
{"ts": 1778141845.44834, "decision": "allow", "tool": "weather_report", "action": null, "mode": "balanced", "level": "action"}
